2016-09-26 00:31:13,815 [Worker-3] INFO  c.g.t.t.d.PublishedGradleVersions - Gradle version information cache is out-of-date. Trying to update.
2016-09-28 20:52:24,951 [Worker-9] INFO  c.g.t.t.d.PublishedGradleVersions - Gradle version information cache is out-of-date. Trying to update.
2016-10-02 23:20:41,289 [Worker-26] INFO  c.g.t.t.d.PublishedGradleVersions - Gradle version information cache is out-of-date. Trying to update.
2016-10-09 22:28:42,050 [Worker-19] INFO  c.g.t.t.d.PublishedGradleVersions - Gradle version information cache is out-of-date. Trying to update.
2016-10-11 10:28:16,850 [Worker-22] INFO  c.g.t.t.d.PublishedGradleVersions - Gradle version information cache is out-of-date. Trying to update.
2016-10-17 13:37:12,069 [Worker-31] INFO  c.g.t.t.d.PublishedGradleVersions - Gradle version information cache is out-of-date. Trying to update.
2016-10-30 15:47:55,743 [Worker-20] INFO  c.g.t.t.d.PublishedGradleVersions - Gradle version information cache is out-of-date. Trying to update.
2016-11-02 16:03:50,634 [Worker-48] INFO  c.g.t.t.d.PublishedGradleVersions - Gradle version information cache is out-of-date. Trying to update.
2016-11-03 20:01:57,300 [Worker-16] INFO  c.g.t.t.d.PublishedGradleVersions - Gradle version information cache is out-of-date. Trying to update.
2016-11-23 10:16:15,998 [Worker-7] INFO  c.g.t.t.d.PublishedGradleVersions - Gradle version information cache is out-of-date. Trying to update.
2016-11-23 10:26:22,188 [Worker-13] INFO  c.g.t.t.d.PublishedGradleVersions - Gradle version information cache is up-to-date. Trying to read.
2016-11-23 10:26:26,910 [Worker-3] INFO  org.eclipse.jetty.util.log - Logging initialized @154672ms
2016-11-23 10:26:27,072 [Worker-3] INFO  org.eclipse.jetty.server.Server - jetty-9.3.9.v20160517
2016-11-23 10:26:27,126 [Worker-3] INFO  o.e.j.server.handler.ContextHandler - Started o.e.j.s.ServletContextHandler@1aa6f7b5{/rhelp,null,AVAILABLE}
2016-11-23 10:26:27,142 [Worker-3] INFO  o.e.jetty.server.AbstractConnector - Started ServerConnector@39a4d388{HTTP/1.1,[http/1.1]}{127.0.0.1:56351}
2016-11-23 10:26:27,157 [Worker-3] INFO  org.eclipse.jetty.server.Server - Started @154913ms
2016-11-23 11:18:05,138 [Framework stop] INFO  o.e.jetty.server.AbstractConnector - Stopped ServerConnector@39a4d388{HTTP/1.1,[http/1.1]}{127.0.0.1:0}
2016-11-23 11:18:05,154 [Framework stop] INFO  o.e.j.server.handler.ContextHandler - Stopped o.e.j.s.ServletContextHandler@1aa6f7b5{/rhelp,null,UNAVAILABLE}
2016-11-23 11:18:22,678 [Worker-5] INFO  c.g.t.t.d.PublishedGradleVersions - Gradle version information cache is up-to-date. Trying to read.
2016-11-23 11:18:22,762 [Worker-19] INFO  org.eclipse.jetty.util.log - Logging initialized @15962ms
2016-11-23 11:18:23,386 [Worker-19] INFO  org.eclipse.jetty.server.Server - jetty-9.3.9.v20160517
2016-11-23 11:18:23,553 [Worker-19] INFO  o.e.j.server.handler.ContextHandler - Started o.e.j.s.ServletContextHandler@33879f17{/rhelp,null,AVAILABLE}
2016-11-23 11:18:23,648 [Worker-19] INFO  o.e.jetty.server.AbstractConnector - Started ServerConnector@23fe540a{HTTP/1.1,[http/1.1]}{127.0.0.1:57260}
2016-11-23 11:18:23,650 [Worker-19] INFO  org.eclipse.jetty.server.Server - Started @16851ms
2016-11-23 11:19:29,699 [Framework stop] INFO  o.e.jetty.server.AbstractConnector - Stopped ServerConnector@23fe540a{HTTP/1.1,[http/1.1]}{127.0.0.1:0}
2016-11-23 11:19:29,711 [Framework stop] INFO  o.e.j.server.handler.ContextHandler - Stopped o.e.j.s.ServletContextHandler@33879f17{/rhelp,null,UNAVAILABLE}
2016-11-23 11:19:42,562 [Worker-2] INFO  c.g.t.t.d.PublishedGradleVersions - Gradle version information cache is up-to-date. Trying to read.
2016-12-05 09:11:04,337 [Worker-1] INFO  c.g.t.t.d.PublishedGradleVersions - Gradle version information cache is out-of-date. Trying to update.
2016-12-05 09:11:05,821 [Worker-1] INFO  c.g.t.t.d.PublishedGradleVersions - Updating Gradle version information cache failed. Using outdated cache.
2016-12-06 14:06:59,264 [Worker-36] INFO  c.g.t.t.d.PublishedGradleVersions - Gradle version information cache is out-of-date. Trying to update.
2016-12-09 10:52:28,121 [Worker-3] INFO  c.g.t.t.d.PublishedGradleVersions - Gradle version information cache is out-of-date. Trying to update.
2017-01-10 15:42:38,924 [Worker-21] INFO  c.g.t.t.d.PublishedGradleVersions - Gradle version information cache is out-of-date. Trying to update.
2017-01-13 17:24:09,605 [Worker-21] INFO  c.g.t.t.d.PublishedGradleVersions - Gradle version information cache is out-of-date. Trying to update.
2017-01-22 16:51:05,286 [Worker-13] INFO  c.g.t.t.d.PublishedGradleVersions - Gradle version information cache is up-to-date. Trying to read.
2017-01-24 19:04:21,162 [Worker-7] INFO  c.g.t.t.d.PublishedGradleVersions - Gradle version information cache is out-of-date. Trying to update.
